Aug-17 13:02:37.426 [main] DEBUG nextflow.cli.Launcher - $> /home/kimb8/projects/bin/nextflow run rnatoy/main.nf
Aug-17 13:02:37.589 [main] INFO  nextflow.cli.CmdRun - N E X T F L O W  ~  version 0.20.1
Aug-17 13:02:37.592 [main] INFO  nextflow.cli.CmdRun - Launching rnatoy/main.nf
Aug-17 13:02:37.735 [main] DEBUG nextflow.config.ConfigBuilder - Found config home: /home/kimb8/.nextflow/config
Aug-17 13:02:37.739 [main] DEBUG nextflow.config.ConfigBuilder - Found config base: /gpfs/gsfs4/users/CCBR/user/kimb8/ChIP-Seq-pipeline/example/rnatoy/nextflow.config
Aug-17 13:02:37.746 [main] DEBUG nextflow.config.ConfigBuilder - Parsing config file: /home/kimb8/.nextflow/config
Aug-17 13:02:37.747 [main] DEBUG nextflow.config.ConfigBuilder - Parsing config file: /gpfs/gsfs4/users/CCBR/user/kimb8/ChIP-Seq-pipeline/example/rnatoy/nextflow.config
Aug-17 13:02:38.701 [main] DEBUG nextflow.config.ConfigBuilder - Setting config profile: 'standard'
Aug-17 13:02:41.654 [main] DEBUG nextflow.Session - Session uuid: e3587de3-e7d0-4857-9645-44dddb891221
Aug-17 13:02:41.662 [main] DEBUG nextflow.Session - Executor pool size: 128
Aug-17 13:02:41.708 [main] DEBUG nextflow.cli.CmdRun - 
  Version: 0.20.1 build 3862
  Modified: 05-07-2016 13:03 UTC (09:03 EDT)
  System: Linux 2.6.32-642.3.1.el6.x86_64
  Runtime: Groovy 2.4.7 on Java HotSpot(TM) 64-Bit Server VM 1.8.0_11-b12
  Encoding: UTF-8 (UTF-8)
  Process: 49669@helix.nih.gov [128.231.2.3]

Aug-17 13:02:41.732 [main] DEBUG nextflow.Session - Script base path does not exist or is not a directory: /gpfs/gsfs4/users/CCBR/user/kimb8/ChIP-Seq-pipeline/example/rnatoy/bin
Aug-17 13:02:41.733 [main] DEBUG nextflow.Session - Session start invoked
Aug-17 13:02:41.738 [main] DEBUG nextflow.processor.TaskDispatcher - Dispatcher > start
Aug-17 13:02:41.740 [main] DEBUG nextflow.script.ScriptRunner - > Script parsing
Aug-17 13:02:42.305 [main] DEBUG nextflow.script.ScriptRunner - > Launching execution
Aug-17 13:02:43.852 [main] INFO  nextflow.Nextflow - R N A T O Y   P I P E L I N E    
Aug-17 13:02:43.853 [main] INFO  nextflow.Nextflow - =================================
Aug-17 13:02:43.854 [main] INFO  nextflow.Nextflow - genome             : /gpfs/gsfs4/users/CCBR/user/kimb8/ChIP-Seq-pipeline/example/rnatoy/data/ggal/ggal_1_48850000_49020000.Ggal71.500bpflank.fa
Aug-17 13:02:43.854 [main] INFO  nextflow.Nextflow - annotat            : /gpfs/gsfs4/users/CCBR/user/kimb8/ChIP-Seq-pipeline/example/rnatoy/data/ggal/ggal_1_48850000_49020000.bed.gff
Aug-17 13:02:43.855 [main] INFO  nextflow.Nextflow - reads              : /gpfs/gsfs4/users/CCBR/user/kimb8/ChIP-Seq-pipeline/example/rnatoy/data/ggal/*_{1,2}.fq
Aug-17 13:02:43.897 [main] DEBUG nextflow.Channel - files for syntax: glob; folder: /gpfs/gsfs4/users/CCBR/user/kimb8/ChIP-Seq-pipeline/example/rnatoy/data/ggal/; pattern: *_{1,2}.fq; options: null
Aug-17 13:02:44.484 [main] DEBUG nextflow.processor.ProcessFactory - << taskConfig executor: local
Aug-17 13:02:44.484 [main] DEBUG nextflow.processor.ProcessFactory - >> processorType: 'local'
Aug-17 13:02:44.499 [main] DEBUG nextflow.executor.Executor - Initializing executor: local
Aug-17 13:02:44.503 [main] INFO  nextflow.executor.Executor - [warm up] executor > local
Aug-17 13:02:44.520 [main] DEBUG n.processor.LocalPollingMonitor - Creating local task monitor for executor 'local' > cpus: 128; memory: 1,009.7 GB; pollInterval: 100ms; dumpInterval: 5m
Aug-17 13:02:44.695 [main] DEBUG nextflow.processor.TaskDispatcher - Starting monitor: LocalPollingMonitor
Aug-17 13:02:44.697 [main] DEBUG n.processor.TaskPollingMonitor - >>> barrier register (monitor: local)
Aug-17 13:02:44.709 [main] DEBUG nextflow.executor.Executor - Invoke register for executor: local
Aug-17 13:02:44.808 [main] DEBUG nextflow.Session - >>> barrier register (process: buildIndex)
Aug-17 13:02:44.843 [main] DEBUG n.processor.ParallelTaskProcessor - Creating operator > buildIndex -- maxForks: 128
Aug-17 13:02:44.946 [main] DEBUG nextflow.processor.ProcessFactory - << taskConfig executor: local
Aug-17 13:02:44.946 [main] DEBUG nextflow.processor.ProcessFactory - >> processorType: 'local'
Aug-17 13:02:44.947 [main] DEBUG nextflow.executor.Executor - Initializing executor: local
Aug-17 13:02:44.951 [main] DEBUG nextflow.Session - >>> barrier register (process: mapping)
Aug-17 13:02:44.976 [main] DEBUG n.processor.ParallelTaskProcessor - Creating operator > mapping -- maxForks: 128
Aug-17 13:02:45.005 [main] DEBUG nextflow.processor.ProcessFactory - << taskConfig executor: local
Aug-17 13:02:45.005 [main] DEBUG nextflow.processor.ProcessFactory - >> processorType: 'local'
Aug-17 13:02:45.006 [main] DEBUG nextflow.executor.Executor - Initializing executor: local
Aug-17 13:02:45.008 [main] DEBUG nextflow.Session - >>> barrier register (process: makeTranscript)
Aug-17 13:02:45.025 [main] DEBUG n.processor.ParallelTaskProcessor - Creating operator > makeTranscript -- maxForks: 128
Aug-17 13:02:45.034 [main] DEBUG nextflow.script.ScriptRunner - > Await termination 
Aug-17 13:02:45.036 [main] DEBUG nextflow.Session - Session await
Aug-17 13:02:45.265 [Actor Thread 2] INFO  nextflow.Session - [9e/912a01] Submitted process > buildIndex (ggal_1_48850000_49020000.Ggal71.500bpflank)
Aug-17 13:03:56.886 [Actor Thread 3] DEBUG nextflow.processor.TaskProcessor - <buildIndex> Sending poison pills and terminating process
Aug-17 13:03:56.887 [Actor Thread 3] DEBUG nextflow.Session - <<< barrier arrive (process: buildIndex)
Aug-17 13:03:56.889 [Actor Thread 4] DEBUG n.processor.ParallelTaskProcessor - <mapping> Poison pill arrived
Aug-17 13:03:56.891 [Actor Thread 7] DEBUG n.processor.ParallelTaskProcessor - <buildIndex> After stop
Aug-17 13:03:56.892 [Actor Thread 3] DEBUG nextflow.processor.StateObj - <mapping> State before poison: StateObj[submitted: 2; completed: 0; poisoned: false; allScalar: false]
Aug-17 13:03:56.945 [Actor Thread 6] INFO  nextflow.Session - [48/aeb89c] Submitted process > mapping (ggal_liver)
Aug-17 13:03:58.132 [Actor Thread 2] INFO  nextflow.Session - [a4/39d3cc] Submitted process > mapping (ggal_gut)
Aug-17 13:04:11.562 [Thread-3] ERROR nextflow.processor.TaskProcessor - Error executing process > 'mapping (ggal_liver)'

Caused by:
  Process 'mapping (ggal_liver)' terminated with an error exit status

Command executed:

  tophat2 -p 1 --GTF ggal_1_48850000_49020000.bed.gff genome.index ggal_liver_1.fq ggal_liver_2.fq
  mv tophat_out/accepted_hits.bam .

Command exit status:
  1

Command output:
  (empty)

Command error:
  /usr/local/lmod/lmod/lmod/init/bash: line 96: PS1: unbound variable
    File "/usr/local/apps/tophat/2.1.1/bin/tophat", line 1003
      except getopt.error, msg:
                         ^
  SyntaxError: invalid syntax

Work dir:
  /gpfs/gsfs4/users/CCBR/user/kimb8/ChIP-Seq-pipeline/example/work/48/aeb89cebd7a1c324a44496f88bab18

Tip: you can try to figure out what's wrong by changing to the process work dir and showing the script file named: '.command.sh'
nextflow.exception.ProcessFailedException: Process 'mapping (ggal_liver)' terminated with an error exit status
	at sun.reflect.NativeConstructorAccessorImpl.newInstance0(Native Method)
	at sun.reflect.NativeConstructorAccessorImpl.newInstance(NativeConstructorAccessorImpl.java:62)
	at sun.reflect.DelegatingConstructorAccessorImpl.newInstance(DelegatingConstructorAccessorImpl.java:45)
	at java.lang.reflect.Constructor.newInstance(Constructor.java:408)
	at org.codehaus.groovy.reflection.CachedConstructor.invoke(CachedConstructor.java:83)
	at org.codehaus.groovy.reflection.CachedConstructor.doConstructorInvoke(CachedConstructor.java:77)
	at org.codehaus.groovy.runtime.callsite.ConstructorSite$ConstructorSiteNoUnwrap.callConstructor(ConstructorSite.java:84)
	at org.codehaus.groovy.runtime.callsite.CallSiteArray.defaultCallConstructor(CallSiteArray.java:60)
	at org.codehaus.groovy.runtime.callsite.AbstractCallSite.callConstructor(AbstractCallSite.java:235)
	at org.codehaus.groovy.runtime.callsite.AbstractCallSite.callConstructor(AbstractCallSite.java:247)
	at nextflow.processor.TaskProcessor.finalizeTask(TaskProcessor.groovy:1669)
	at nextflow.processor.TaskPollingMonitor.checkTaskStatus(TaskPollingMonitor.groovy:438)
	at nextflow.processor.TaskPollingMonitor.checkAllTasks(TaskPollingMonitor.groovy:394)
	at nextflow.processor.TaskPollingMonitor.pollLoop(TaskPollingMonitor.groovy:340)
	at sun.reflect.NativeMethodAccessorImpl.invoke0(Native Method)
	at sun.reflect.NativeMethodAccessorImpl.invoke(NativeMethodAccessorImpl.java:62)
	at sun.reflect.DelegatingMethodAccessorImpl.invoke(DelegatingMethodAccessorImpl.java:43)
	at java.lang.reflect.Method.invoke(Method.java:483)
	at org.codehaus.groovy.reflection.CachedMethod.invoke(CachedMethod.java:93)
	at groovy.lang.MetaMethod.doMethodInvoke(MetaMethod.java:325)
	at groovy.lang.MetaClassImpl.invokeMethod(MetaClassImpl.java:1215)
	at groovy.lang.MetaClassImpl.invokeMethod(MetaClassImpl.java:1024)
	at org.codehaus.groovy.runtime.InvokerHelper.invokePogoMethod(InvokerHelper.java:923)
	at org.codehaus.groovy.runtime.InvokerHelper.invokeMethod(InvokerHelper.java:906)
	at org.codehaus.groovy.runtime.InvokerHelper.invokeMethodSafe(InvokerHelper.java:74)
	at nextflow.processor.TaskPollingMonitor$_start_closure6.doCall(TaskPollingMonitor.groovy:319)
	at nextflow.processor.TaskPollingMonitor$_start_closure6.call(TaskPollingMonitor.groovy)
	at groovy.lang.Closure.run(Closure.java:495)
	at java.lang.Thread.run(Thread.java:745)
Aug-17 13:04:11.597 [Thread-3] DEBUG nextflow.Session - Session aborted -- Cause: nextflow.exception.ProcessFailedException: Process 'mapping (ggal_liver)' terminated with an error exit status
Aug-17 13:04:11.606 [main] DEBUG nextflow.Session - Session await > processes completed
Aug-17 13:04:11.606 [main] DEBUG nextflow.Session - Session await > done
Aug-17 13:04:11.609 [Actor Thread 2] DEBUG n.processor.ParallelTaskProcessor - <mapping> After stop
Aug-17 13:04:11.615 [Actor Thread 8] DEBUG n.processor.ParallelTaskProcessor - <makeTranscript> After stop
Aug-17 13:04:11.615 [Thread-3] DEBUG n.processor.TaskPollingMonitor - <<< barrier arrives (monitor: local)
Aug-17 13:04:11.616 [Actor Thread 3] DEBUG nextflow.processor.TaskProcessor - <mapping> Sending poison pills and terminating process
Aug-17 13:04:11.628 [Actor Thread 3] DEBUG nextflow.Session - <<< barrier arrive (process: mapping)
Aug-17 13:04:11.654 [main] DEBUG nextflow.Session - Session destroyed
